{"uuid":"3a98dea9-73e7-4e60-8e10-486d6b24e546","historyId":"5a87640dd400bcbe2aa497c50e2a2864","fullName":"com.example.flink_qa_challenge.SunscreenPageTest.addSunscreenToCart","labels":[{"name":"package","value":"com.example.flink_qa_challenge.SunscreenPageTest"},{"name":"testClass","value":"com.example.flink_qa_challenge.SunscreenPageTest"},{"name":"testMethod","value":"addSunscreenToCart"},{"name":"parentSuite","value":"Gradle suite"},{"name":"suite","value":"Gradle test"},{"name":"subSuite","value":"com.example.flink_qa_challenge.SunscreenPageTest"},{"name":"host","value":"luis-zymewire"},{"name":"thread","value":"83796@luis-zymewire.Test worker(1)"},{"name":"framework","value":"testng"},{"name":"language","value":"java"}],"links":[],"name":"addSunscreenToCart","status":"failed","statusDetails":{"known":false,"muted":false,"flaky":false,"message":"Element not found {.table > tbody:nth-child(2) > tr:nth-child(1)/By.className: font-weight-bold}\nExpected: exist\nScreenshot: file:/home/luis/Documents/GitHub/flink_code_challenge/build/reports/tests/1639952219073.0.png\nPage source: file:/home/luis/Documents/GitHub/flink_code_challenge/build/reports/tests/1639952219073.0.html\nTimeout: 4 s.\nCaused by: NoSuchElementException: no such element: Unable to locate element: {\"method\":\"css selector\",\"selector\":\".font\\-weight\\-bold\"}","trace":"Element not found {.table > tbody:nth-child(2) > tr:nth-child(1)/By.className: font-weight-bold}\nExpected: exist\nScreenshot: file:/home/luis/Documents/GitHub/flink_code_challenge/build/reports/tests/1639952219073.0.png\nPage source: file:/home/luis/Documents/GitHub/flink_code_challenge/build/reports/tests/1639952219073.0.html\nTimeout: 4 s.\nCaused by: NoSuchElementException: no such element: Unable to locate element: {\"method\":\"css selector\",\"selector\":\".font\\-weight\\-bold\"}\n\tat com.codeborne.selenide.impl.WebElementSource.createElementNotFoundError(WebElementSource.java:83)\n\tat com.codeborne.selenide.impl.ElementFinder.createElementNotFoundError(ElementFinder.java:122)\n\tat com.codeborne.selenide.impl.ExceptionWrapper.wrap(ExceptionWrapper.java:32)\n\tat com.codeborne.selenide.impl.SelenideElementProxy.dispatchAndRetry(SelenideElementProxy.java:156)\n\tat com.codeborne.selenide.impl.SelenideElementProxy.invoke(SelenideElementProxy.java:86)\n\tat com.sun.proxy.$Proxy10.getText(Unknown Source)\n\tat com.example.flink_qa_challenge.SunscreenPage.getTitlesFromProducts(SunscreenPage.java:48)\n\tat com.example.flink_qa_challenge.SunscreenPage.checkoutItemsCorrect(SunscreenPage.java:197)\n\tat com.example.flink_qa_challenge.SunscreenPage.accessCart(SunscreenPage.java:213)\n\tat com.example.flink_qa_challenge.SunscreenPageTest.addSunscreenToCart(SunscreenPageTest.java:40)\n\tat java.base/jdk.internal.reflect.NativeMethodAccessorImpl.invoke0(Native Method)\n\tat java.base/jdk.internal.reflect.NativeMethodAccessorImpl.invoke(NativeMethodAccessorImpl.java:62)\n\tat java.base/jdk.internal.reflect.DelegatingMethodAccessorImpl.invoke(DelegatingMethodAccessorImpl.java:43)\n\tat java.base/java.lang.reflect.Method.invoke(Method.java:566)\n\tat org.testng.internal.MethodInvocationHelper.invokeMethod(MethodInvocationHelper.java:133)\n\tat org.testng.internal.TestInvoker.invokeMethod(TestInvoker.java:598)\n\tat org.testng.internal.TestInvoker.invokeTestMethod(TestInvoker.java:173)\n\tat org.testng.internal.MethodRunner.runInSequence(MethodRunner.java:46)\n\tat org.testng.internal.TestInvoker$MethodInvocationAgent.invoke(TestInvoker.java:824)\n\tat org.testng.internal.TestInvoker.invokeTestMethods(TestInvoker.java:146)\n\tat org.testng.internal.TestMethodWorker.invokeTestMethods(TestMethodWorker.java:146)\n\tat org.testng.internal.TestMethodWorker.run(TestMethodWorker.java:128)\n\tat java.base/java.util.ArrayList.forEach(ArrayList.java:1541)\n\tat org.testng.TestRunner.privateRun(TestRunner.java:794)\n\tat org.testng.TestRunner.run(TestRunner.java:596)\n\tat org.testng.SuiteRunner.runTest(SuiteRunner.java:377)\n\tat org.testng.SuiteRunner.runSequentially(SuiteRunner.java:371)\n\tat org.testng.SuiteRunner.privateRun(SuiteRunner.java:332)\n\tat org.testng.SuiteRunner.run(SuiteRunner.java:276)\n\tat org.testng.SuiteRunnerWorker.runSuite(SuiteRunnerWorker.java:53)\n\tat org.testng.SuiteRunnerWorker.run(SuiteRunnerWorker.java:96)\n\tat org.testng.TestNG.runSuitesSequentially(TestNG.java:1212)\n\tat org.testng.TestNG.runSuitesLocally(TestNG.java:1134)\n\tat org.testng.TestNG.runSuites(TestNG.java:1063)\n\tat org.testng.TestNG.run(TestNG.java:1031)\n\tat org.gradle.api.internal.tasks.testing.testng.TestNGTestClassProcessor.runTests(TestNGTestClassProcessor.java:141)\n\tat org.gradle.api.internal.tasks.testing.testng.TestNGTestClassProcessor.stop(TestNGTestClassProcessor.java:90)\n\tat org.gradle.api.internal.tasks.testing.SuiteTestClassProcessor.stop(SuiteTestClassProcessor.java:61)\n\tat java.base/jdk.internal.reflect.NativeMethodAccessorImpl.invoke0(Native Method)\n\tat java.base/jdk.internal.reflect.NativeMethodAccessorImpl.invoke(NativeMethodAccessorImpl.java:62)\n\tat java.base/jdk.internal.reflect.DelegatingMethodAccessorImpl.invoke(DelegatingMethodAccessorImpl.java:43)\n\tat java.base/java.lang.reflect.Method.invoke(Method.java:566)\n\tat org.gradle.internal.dispatch.ReflectionDispatch.dispatch(ReflectionDispatch.java:36)\n\tat org.gradle.internal.dispatch.ReflectionDispatch.dispatch(ReflectionDispatch.java:24)\n\tat org.gradle.internal.dispatch.ContextClassLoaderDispatch.dispatch(ContextClassLoaderDispatch.java:33)\n\tat org.gradle.internal.dispatch.ProxyDispatchAdapter$DispatchingInvocationHandler.invoke(ProxyDispatchAdapter.java:94)\n\tat com.sun.proxy.$Proxy2.stop(Unknown Source)\n\tat org.gradle.api.internal.tasks.testing.worker.TestWorker$3.run(TestWorker.java:193)\n\tat org.gradle.api.internal.tasks.testing.worker.TestWorker.executeAndMaintainThreadName(TestWorker.java:129)\n\tat org.gradle.api.internal.tasks.testing.worker.TestWorker.execute(TestWorker.java:100)\n\tat org.gradle.api.internal.tasks.testing.worker.TestWorker.execute(TestWorker.java:60)\n\tat org.gradle.process.internal.worker.child.ActionExecutionWorker.execute(ActionExecutionWorker.java:56)\n\tat org.gradle.process.internal.worker.child.SystemApplicationClassLoaderWorker.call(SystemApplicationClassLoaderWorker.java:133)\n\tat org.gradle.process.internal.worker.child.SystemApplicationClassLoaderWorker.call(SystemApplicationClassLoaderWorker.java:71)\n\tat worker.org.gradle.process.internal.worker.GradleWorkerMain.run(GradleWorkerMain.java:69)\n\tat worker.org.gradle.process.internal.worker.GradleWorkerMain.main(GradleWorkerMain.java:74)\nCaused by: org.openqa.selenium.NoSuchElementException: no such element: Unable to locate element: {\"method\":\"css selector\",\"selector\":\".font\\-weight\\-bold\"}\n  (Session info: chrome=96.0.4664.93)\nFor documentation on this error, please visit: https://www.seleniumhq.org/exceptions/no_such_element.html\nBuild info: version: '3.141.59', revision: 'e82be7d358', time: '2018-11-14T08:17:03'\nSystem info: host: 'luis-zymewire', ip: '127.0.1.1', os.name: 'Linux', os.arch: 'amd64', os.version: '5.11.0-43-generic', java.version: '11.0.13'\nDriver info: org.openqa.selenium.chrome.ChromeDriver\nCapabilities {acceptInsecureCerts: true, browserName: chrome, browserVersion: 96.0.4664.93, chrome: {chromedriverVersion: 96.0.4664.45 (76e4c1bb2ab46..., userDataDir: /tmp/.com.google.Chrome.4crnYg}, goog:chromeOptions: {debuggerAddress: localhost:42689}, javascriptEnabled: true, networkConnectionEnabled: false, pageLoadStrategy: normal, platform: LINUX, platformName: LINUX, proxy: Proxy(), setWindowRect: true, strictFileInteractability: false, timeouts: {implicit: 0, pageLoad: 300000, script: 30000}, unhandledPromptBehavior: dismiss and notify, webauthn:extension:credBlob: true, webauthn:extension:largeBlob: true, webauthn:virtualAuthenticators: true}\nSession ID: 8f838896c33e19e07fa158985ba881cb\n*** Element info: {Using=class name, value=font-weight-bold}\n\tat jdk.internal.reflect.GeneratedConstructorAccessor9.newInstance(Unknown Source)\n\tat java.base/jdk.internal.reflect.DelegatingConstructorAccessorImpl.newInstance(DelegatingConstructorAccessorImpl.java:45)\n\tat java.base/java.lang.reflect.Constructor.newInstance(Constructor.java:490)\n\tat org.openqa.selenium.remote.http.W3CHttpResponseCodec.createException(W3CHttpResponseCodec.java:187)\n\tat org.openqa.selenium.remote.http.W3CHttpResponseCodec.decode(W3CHttpResponseCodec.java:122)\n\tat org.openqa.selenium.remote.http.W3CHttpResponseCodec.decode(W3CHttpResponseCodec.java:49)\n\tat org.openqa.selenium.remote.HttpCommandExecutor.execute(HttpCommandExecutor.java:158)\n\tat org.openqa.selenium.remote.service.DriverCommandExecutor.execute(DriverCommandExecutor.java:83)\n\tat org.openqa.selenium.remote.RemoteWebDriver.execute(RemoteWebDriver.java:552)\n\tat org.openqa.selenium.remote.RemoteWebElement.execute(RemoteWebElement.java:285)\n\tat org.openqa.selenium.remote.RemoteWebElement.findElement(RemoteWebElement.java:185)\n\tat org.openqa.selenium.remote.RemoteWebElement.findElementByClassName(RemoteWebElement.java:245)\n\tat org.openqa.selenium.By$ByClassName.findElement(By.java:389)\n\tat org.openqa.selenium.remote.RemoteWebElement.findElement(RemoteWebElement.java:181)\n\tat com.codeborne.selenide.impl.WebElementSelector.findElement(WebElementSelector.java:70)\n\tat com.codeborne.selenide.impl.WebElementSelector.findElement(WebElementSelector.java:44)\n\tat com.codeborne.selenide.impl.WebElementSelector.findElement(WebElementSelector.java:33)\n\tat com.codeborne.selenide.impl.ElementFinder.getWebElement(ElementFinder.java:102)\n\tat com.codeborne.selenide.commands.GetText.execute(GetText.java:29)\n\tat com.codeborne.selenide.commands.GetText.execute(GetText.java:13)\n\tat com.codeborne.selenide.commands.Commands.execute(Commands.java:157)\n\tat com.codeborne.selenide.impl.SelenideElementProxy.dispatchAndRetry(SelenideElementProxy.java:134)\n\t... 52 more\n"},"stage":"finished","description":"Access the elements in the page and add them to the cart","steps":[{"name":"$(\"div.row:nth-child(2) > div:nth-child(1)/By.className: font-weight-bold\") get text()","status":"passed","stage":"finished","steps":[],"attachments":[],"parameters":[],"start":1639952211692,"stop":1639952211731},{"name":"$(\"div.row:nth-child(2) > div:nth-child(3)/By.className: font-weight-bold\") get text()","status":"passed","stage":"finished","steps":[],"attachments":[],"parameters":[],"start":1639952211732,"stop":1639952211763},{"name":"$(\"div.text-center:nth-child(5)/By.className: font-weight-bold\") get text()","status":"passed","stage":"finished","steps":[],"attachments":[],"parameters":[],"start":1639952211763,"stop":1639952211793},{"name":"$(\"div.row:nth-child(3) > div:nth-child(1)/By.className: font-weight-bold\") get text()","status":"passed","stage":"finished","steps":[],"attachments":[],"parameters":[],"start":1639952211793,"stop":1639952211823},{"name":"$(\"div.text-center:nth-child(2)/By.className: font-weight-bold\") get text()","status":"passed","stage":"finished","steps":[],"attachments":[],"parameters":[],"start":1639952211823,"stop":1639952211853},{"name":"$(\"div.row:nth-child(3) > div:nth-child(3)/By.className: font-weight-bold\") get text()","status":"passed","stage":"finished","steps":[],"attachments":[],"parameters":[],"start":1639952211853,"stop":1639952211884},{"name":"$(\"div.row:nth-child(2) > div:nth-child(1)\") find elements(By.tagName: p)","status":"passed","stage":"finished","steps":[],"attachments":[],"parameters":[],"start":1639952211884,"stop":1639952211905},{"name":"$(\"div.row:nth-child(2) > div:nth-child(1)\") find elements(By.tagName: p)","status":"passed","stage":"finished","steps":[],"attachments":[],"parameters":[],"start":1639952211915,"stop":1639952211928},{"name":"$(\"div.row:nth-child(2) > div:nth-child(3)\") find elements(By.tagName: p)","status":"passed","stage":"finished","steps":[],"attachments":[],"parameters":[],"start":1639952211934,"stop":1639952211949},{"name":"$(\"div.text-center:nth-child(5)\") find elements(By.tagName: p)","status":"passed","stage":"finished","steps":[],"attachments":[],"parameters":[],"start":1639952211959,"stop":1639952211974},{"name":"$(\"div.row:nth-child(3) > div:nth-child(1)\") find elements(By.tagName: p)","status":"passed","stage":"finished","steps":[],"attachments":[],"parameters":[],"start":1639952211983,"stop":1639952211998},{"name":"$(\"div.text-center:nth-child(2)\") find elements(By.tagName: p)","status":"passed","stage":"finished","steps":[],"attachments":[],"parameters":[],"start":1639952212007,"stop":1639952212022},{"name":"$(\"div.row:nth-child(3) > div:nth-child(3)\") find elements(By.tagName: p)","status":"passed","stage":"finished","steps":[],"attachments":[],"parameters":[],"start":1639952212030,"stop":1639952212043},{"name":"$(\"div.row:nth-child(2) > div:nth-child(1)/By.className: font-weight-bold\") get text()","status":"passed","stage":"finished","steps":[],"attachments":[],"parameters":[],"start":1639952212052,"stop":1639952212070},{"name":"$(\"div.row:nth-child(2) > div:nth-child(3)/By.className: font-weight-bold\") get text()","status":"passed","stage":"finished","steps":[],"attachments":[],"parameters":[],"start":1639952212071,"stop":1639952212088},{"name":"$(\"div.text-center:nth-child(5)/By.className: font-weight-bold\") get text()","status":"passed","stage":"finished","steps":[],"attachments":[],"parameters":[],"start":1639952212088,"stop":1639952212104},{"name":"$(\"div.row:nth-child(3) > div:nth-child(1)/By.className: font-weight-bold\") get text()","status":"passed","stage":"finished","steps":[],"attachments":[],"parameters":[],"start":1639952212104,"stop":1639952212121},{"name":"$(\"div.row:nth-child(2) > div:nth-child(1)/By.className: font-weight-bold\") get text()","status":"passed","stage":"finished","steps":[],"attachments":[],"parameters":[],"start":1639952212121,"stop":1639952212138},{"name":"$(\"div.row:nth-child(2) > div:nth-child(3)/By.className: font-weight-bold\") get text()","status":"passed","stage":"finished","steps":[],"attachments":[],"parameters":[],"start":1639952212138,"stop":1639952212156},{"name":"$(\"div.text-center:nth-child(5)/By.className: font-weight-bold\") get text()","status":"passed","stage":"finished","steps":[],"attachments":[],"parameters":[],"start":1639952212156,"stop":1639952212173},{"name":"$(\"div.row:nth-child(3) > div:nth-child(1)/By.className: font-weight-bold\") get text()","status":"passed","stage":"finished","steps":[],"attachments":[],"parameters":[],"start":1639952212173,"stop":1639952212189},{"name":"$(\"div.text-center:nth-child(2)/By.className: font-weight-bold\") get text()","status":"passed","stage":"finished","steps":[],"attachments":[],"parameters":[],"start":1639952212189,"stop":1639952212207},{"name":"$(\"div.row:nth-child(3) > div:nth-child(1)\") scroll into view(true)","status":"passed","stage":"finished","steps":[{"name":"$(\"div.row:nth-child(3) > div:nth-child(1)\") get wrapped element()","status":"passed","stage":"finished","steps":[],"attachments":[],"parameters":[],"start":1639952212209,"stop":1639952212215}],"attachments":[],"parameters":[],"start":1639952212207,"stop":1639952212220},{"name":"$(\"div.row:nth-child(3) > div:nth-child(1)/By.className: font-weight-bold\") get text()","status":"passed","stage":"finished","steps":[],"attachments":[],"parameters":[],"start":1639952212220,"stop":1639952212240},{"name":"$(\"By.xpath: //p[@class='font-weight-bold top-space-10'][contains(.,'Vassily Brilliant SPF-30')]\") click()","status":"passed","stage":"finished","steps":[],"attachments":[],"parameters":[],"start":1639952212245,"stop":1639952212300},{"name":"$(\"By.xpath: (//button[@class='btn btn-primary'][contains(.,'Add')])[3]\") click()","status":"passed","stage":"finished","steps":[],"attachments":[],"parameters":[],"start":1639952212300,"stop":1639952212360},{"name":"$(\"div.text-center:nth-child(2)\") scroll into view(true)","status":"passed","stage":"finished","steps":[{"name":"$(\"div.text-center:nth-child(2)\") get wrapped element()","status":"passed","stage":"finished","steps":[],"attachments":[],"parameters":[],"start":1639952212360,"stop":1639952212367}],"attachments":[],"parameters":[],"start":1639952212360,"stop":1639952212372},{"name":"$(\"div.row:nth-child(3) > div:nth-child(1)/By.className: font-weight-bold\") get text()","status":"passed","stage":"finished","steps":[],"attachments":[],"parameters":[],"start":1639952212372,"stop":1639952212392},{"name":"$(\"By.xpath: //p[@class='font-weight-bold top-space-10'][contains(.,'Vassily Brilliant SPF-30')]\") click()","status":"passed","stage":"finished","steps":[],"attachments":[],"parameters":[],"start":1639952212392,"stop":1639952212471},{"name":"$(\"By.xpath: (//button[@class='btn btn-primary'][contains(.,'Add')])[4]\") click()","status":"passed","stage":"finished","steps":[],"attachments":[],"parameters":[],"start":1639952212471,"stop":1639952212515},{"name":"$(\"By.xpath: //button[@onclick='goToCart()']\") is displayed()","status":"passed","stage":"finished","steps":[],"attachments":[],"parameters":[],"start":1639952212515,"stop":1639952212534},{"name":"$(\"By.xpath: //button[@onclick='goToCart()']\") click()","status":"passed","stage":"finished","steps":[],"attachments":[],"parameters":[],"start":1639952212534,"stop":1639952214920},{"name":"$(\".table > tbody:nth-child(2) > tr:nth-child(1)/By.className: font-weight-bold\") get text()","status":"failed","statusDetails":{"known":false,"muted":false,"flaky":false,"message":"Element not found {.table > tbody:nth-child(2) > tr:nth-child(1)/By.className: font-weight-bold}\nExpected: exist\nScreenshot: file:/home/luis/Documents/GitHub/flink_code_challenge/build/reports/tests/1639952219073.0.png\nPage source: file:/home/luis/Documents/GitHub/flink_code_challenge/build/reports/tests/1639952219073.0.html\nTimeout: 4 s.\nCaused by: NoSuchElementException: no such element: Unable to locate element: {\"method\":\"css selector\",\"selector\":\".font\\-weight\\-bold\"}","trace":"Element not found {.table > tbody:nth-child(2) > tr:nth-child(1)/By.className: font-weight-bold}\nExpected: exist\nScreenshot: file:/home/luis/Documents/GitHub/flink_code_challenge/build/reports/tests/1639952219073.0.png\nPage source: file:/home/luis/Documents/GitHub/flink_code_challenge/build/reports/tests/1639952219073.0.html\nTimeout: 4 s.\nCaused by: NoSuchElementException: no such element: Unable to locate element: {\"method\":\"css selector\",\"selector\":\".font\\-weight\\-bold\"}\n\tat com.codeborne.selenide.impl.WebElementSource.createElementNotFoundError(WebElementSource.java:83)\n\tat com.codeborne.selenide.impl.ElementFinder.createElementNotFoundError(ElementFinder.java:122)\n\tat com.codeborne.selenide.impl.ExceptionWrapper.wrap(ExceptionWrapper.java:32)\n\tat com.codeborne.selenide.impl.SelenideElementProxy.dispatchAndRetry(SelenideElementProxy.java:156)\n\tat com.codeborne.selenide.impl.SelenideElementProxy.invoke(SelenideElementProxy.java:86)\n\tat com.sun.proxy.$Proxy10.getText(Unknown Source)\n\tat com.example.flink_qa_challenge.SunscreenPage.getTitlesFromProducts(SunscreenPage.java:48)\n\tat com.example.flink_qa_challenge.SunscreenPage.checkoutItemsCorrect(SunscreenPage.java:197)\n\tat com.example.flink_qa_challenge.SunscreenPage.accessCart(SunscreenPage.java:213)\n\tat com.example.flink_qa_challenge.SunscreenPageTest.addSunscreenToCart(SunscreenPageTest.java:40)\n\tat java.base/jdk.internal.reflect.NativeMethodAccessorImpl.invoke0(Native Method)\n\tat java.base/jdk.internal.reflect.NativeMethodAccessorImpl.invoke(NativeMethodAccessorImpl.java:62)\n\tat java.base/jdk.internal.reflect.DelegatingMethodAccessorImpl.invoke(DelegatingMethodAccessorImpl.java:43)\n\tat java.base/java.lang.reflect.Method.invoke(Method.java:566)\n\tat org.testng.internal.MethodInvocationHelper.invokeMethod(MethodInvocationHelper.java:133)\n\tat org.testng.internal.TestInvoker.invokeMethod(TestInvoker.java:598)\n\tat org.testng.internal.TestInvoker.invokeTestMethod(TestInvoker.java:173)\n\tat org.testng.internal.MethodRunner.runInSequence(MethodRunner.java:46)\n\tat org.testng.internal.TestInvoker$MethodInvocationAgent.invoke(TestInvoker.java:824)\n\tat org.testng.internal.TestInvoker.invokeTestMethods(TestInvoker.java:146)\n\tat org.testng.internal.TestMethodWorker.invokeTestMethods(TestMethodWorker.java:146)\n\tat org.testng.internal.TestMethodWorker.run(TestMethodWorker.java:128)\n\tat java.base/java.util.ArrayList.forEach(ArrayList.java:1541)\n\tat org.testng.TestRunner.privateRun(TestRunner.java:794)\n\tat org.testng.TestRunner.run(TestRunner.java:596)\n\tat org.testng.SuiteRunner.runTest(SuiteRunner.java:377)\n\tat org.testng.SuiteRunner.runSequentially(SuiteRunner.java:371)\n\tat org.testng.SuiteRunner.privateRun(SuiteRunner.java:332)\n\tat org.testng.SuiteRunner.run(SuiteRunner.java:276)\n\tat org.testng.SuiteRunnerWorker.runSuite(SuiteRunnerWorker.java:53)\n\tat org.testng.SuiteRunnerWorker.run(SuiteRunnerWorker.java:96)\n\tat org.testng.TestNG.runSuitesSequentially(TestNG.java:1212)\n\tat org.testng.TestNG.runSuitesLocally(TestNG.java:1134)\n\tat org.testng.TestNG.runSuites(TestNG.java:1063)\n\tat org.testng.TestNG.run(TestNG.java:1031)\n\tat org.gradle.api.internal.tasks.testing.testng.TestNGTestClassProcessor.runTests(TestNGTestClassProcessor.java:141)\n\tat org.gradle.api.internal.tasks.testing.testng.TestNGTestClassProcessor.stop(TestNGTestClassProcessor.java:90)\n\tat org.gradle.api.internal.tasks.testing.SuiteTestClassProcessor.stop(SuiteTestClassProcessor.java:61)\n\tat java.base/jdk.internal.reflect.NativeMethodAccessorImpl.invoke0(Native Method)\n\tat java.base/jdk.internal.reflect.NativeMethodAccessorImpl.invoke(NativeMethodAccessorImpl.java:62)\n\tat java.base/jdk.internal.reflect.DelegatingMethodAccessorImpl.invoke(DelegatingMethodAccessorImpl.java:43)\n\tat java.base/java.lang.reflect.Method.invoke(Method.java:566)\n\tat org.gradle.internal.dispatch.ReflectionDispatch.dispatch(ReflectionDispatch.java:36)\n\tat org.gradle.internal.dispatch.ReflectionDispatch.dispatch(ReflectionDispatch.java:24)\n\tat org.gradle.internal.dispatch.ContextClassLoaderDispatch.dispatch(ContextClassLoaderDispatch.java:33)\n\tat org.gradle.internal.dispatch.ProxyDispatchAdapter$DispatchingInvocationHandler.invoke(ProxyDispatchAdapter.java:94)\n\tat com.sun.proxy.$Proxy2.stop(Unknown Source)\n\tat org.gradle.api.internal.tasks.testing.worker.TestWorker$3.run(TestWorker.java:193)\n\tat org.gradle.api.internal.tasks.testing.worker.TestWorker.executeAndMaintainThreadName(TestWorker.java:129)\n\tat org.gradle.api.internal.tasks.testing.worker.TestWorker.execute(TestWorker.java:100)\n\tat org.gradle.api.internal.tasks.testing.worker.TestWorker.execute(TestWorker.java:60)\n\tat org.gradle.process.internal.worker.child.ActionExecutionWorker.execute(ActionExecutionWorker.java:56)\n\tat org.gradle.process.internal.worker.child.SystemApplicationClassLoaderWorker.call(SystemApplicationClassLoaderWorker.java:133)\n\tat org.gradle.process.internal.worker.child.SystemApplicationClassLoaderWorker.call(SystemApplicationClassLoaderWorker.java:71)\n\tat worker.org.gradle.process.internal.worker.GradleWorkerMain.run(GradleWorkerMain.java:69)\n\tat worker.org.gradle.process.internal.worker.GradleWorkerMain.main(GradleWorkerMain.java:74)\nCaused by: org.openqa.selenium.NoSuchElementException: no such element: Unable to locate element: {\"method\":\"css selector\",\"selector\":\".font\\-weight\\-bold\"}\n  (Session info: chrome=96.0.4664.93)\nFor documentation on this error, please visit: https://www.seleniumhq.org/exceptions/no_such_element.html\nBuild info: version: '3.141.59', revision: 'e82be7d358', time: '2018-11-14T08:17:03'\nSystem info: host: 'luis-zymewire', ip: '127.0.1.1', os.name: 'Linux', os.arch: 'amd64', os.version: '5.11.0-43-generic', java.version: '11.0.13'\nDriver info: org.openqa.selenium.chrome.ChromeDriver\nCapabilities {acceptInsecureCerts: true, browserName: chrome, browserVersion: 96.0.4664.93, chrome: {chromedriverVersion: 96.0.4664.45 (76e4c1bb2ab46..., userDataDir: /tmp/.com.google.Chrome.4crnYg}, goog:chromeOptions: {debuggerAddress: localhost:42689}, javascriptEnabled: true, networkConnectionEnabled: false, pageLoadStrategy: normal, platform: LINUX, platformName: LINUX, proxy: Proxy(), setWindowRect: true, strictFileInteractability: false, timeouts: {implicit: 0, pageLoad: 300000, script: 30000}, unhandledPromptBehavior: dismiss and notify, webauthn:extension:credBlob: true, webauthn:extension:largeBlob: true, webauthn:virtualAuthenticators: true}\nSession ID: 8f838896c33e19e07fa158985ba881cb\n*** Element info: {Using=class name, value=font-weight-bold}\n\tat jdk.internal.reflect.GeneratedConstructorAccessor9.newInstance(Unknown Source)\n\tat java.base/jdk.internal.reflect.DelegatingConstructorAccessorImpl.newInstance(DelegatingConstructorAccessorImpl.java:45)\n\tat java.base/java.lang.reflect.Constructor.newInstance(Constructor.java:490)\n\tat org.openqa.selenium.remote.http.W3CHttpResponseCodec.createException(W3CHttpResponseCodec.java:187)\n\tat org.openqa.selenium.remote.http.W3CHttpResponseCodec.decode(W3CHttpResponseCodec.java:122)\n\tat org.openqa.selenium.remote.http.W3CHttpResponseCodec.decode(W3CHttpResponseCodec.java:49)\n\tat org.openqa.selenium.remote.HttpCommandExecutor.execute(HttpCommandExecutor.java:158)\n\tat org.openqa.selenium.remote.service.DriverCommandExecutor.execute(DriverCommandExecutor.java:83)\n\tat org.openqa.selenium.remote.RemoteWebDriver.execute(RemoteWebDriver.java:552)\n\tat org.openqa.selenium.remote.RemoteWebElement.execute(RemoteWebElement.java:285)\n\tat org.openqa.selenium.remote.RemoteWebElement.findElement(RemoteWebElement.java:185)\n\tat org.openqa.selenium.remote.RemoteWebElement.findElementByClassName(RemoteWebElement.java:245)\n\tat org.openqa.selenium.By$ByClassName.findElement(By.java:389)\n\tat org.openqa.selenium.remote.RemoteWebElement.findElement(RemoteWebElement.java:181)\n\tat com.codeborne.selenide.impl.WebElementSelector.findElement(WebElementSelector.java:70)\n\tat com.codeborne.selenide.impl.WebElementSelector.findElement(WebElementSelector.java:44)\n\tat com.codeborne.selenide.impl.WebElementSelector.findElement(WebElementSelector.java:33)\n\tat com.codeborne.selenide.impl.ElementFinder.getWebElement(ElementFinder.java:102)\n\tat com.codeborne.selenide.commands.GetText.execute(GetText.java:29)\n\tat com.codeborne.selenide.commands.GetText.execute(GetText.java:13)\n\tat com.codeborne.selenide.commands.Commands.execute(Commands.java:157)\n\tat com.codeborne.selenide.impl.SelenideElementProxy.dispatchAndRetry(SelenideElementProxy.java:134)\n\t... 52 more\n"},"stage":"finished","steps":[],"attachments":[{"name":"Screenshot","source":"eeaa8189-f542-4c2a-be4e-62b34355a772-attachment.png","type":"image/png"},{"name":"Page source","source":"8cc9e8e9-8256-447c-92d1-a8645de9e650-attachment.html","type":"text/html"}],"parameters":[],"start":1639952214920,"stop":1639952219258}],"attachments":[],"parameters":[],"start":1639952211664,"stop":1639952219261}