{"uuid":"f941710d-815a-4570-a96f-b76a6ce7b771","historyId":"5a87640dd400bcbe2aa497c50e2a2864","fullName":"com.example.flink_qa_challenge.SunscreenPageTest.addSunscreenToCart","labels":[{"name":"package","value":"com.example.flink_qa_challenge.SunscreenPageTest"},{"name":"testClass","value":"com.example.flink_qa_challenge.SunscreenPageTest"},{"name":"testMethod","value":"addSunscreenToCart"},{"name":"parentSuite","value":"Gradle suite"},{"name":"suite","value":"Gradle test"},{"name":"subSuite","value":"com.example.flink_qa_challenge.SunscreenPageTest"},{"name":"host","value":"luis-zymewire"},{"name":"thread","value":"95515@luis-zymewire.Test worker(1)"},{"name":"framework","value":"testng"},{"name":"language","value":"java"}],"links":[],"name":"addSunscreenToCart","status":"failed","statusDetails":{"known":false,"muted":false,"flaky":false,"message":"Invalid element state: element click intercepted: Element <p class=\"font-weight-bold top-space-10\">...</p> is not clickable at point (1033, 53). Other element would receive the click: <nav class=\"navbar navbar-expand-sm sticky-top\">...</nav>\nScreenshot: file:/home/luis/Documents/GitHub/flink_code_challenge/build/reports/tests/1639954651958.0.png\nPage source: file:/home/luis/Documents/GitHub/flink_code_challenge/build/reports/tests/1639954651958.0.html\nTimeout: 4 s.\nCaused by: ElementClickInterceptedException: element click intercepted: Element <p class=\"font-weight-bold top-space-10\">...</p> is not clickable at point (1033, 53). Other element would receive the click: <nav class=\"navbar navbar-expand-sm sticky-top\">...</nav>","trace":"Invalid element state: element click intercepted: Element <p class=\"font-weight-bold top-space-10\">...</p> is not clickable at point (1033, 53). Other element would receive the click: <nav class=\"navbar navbar-expand-sm sticky-top\">...</nav>\nScreenshot: file:/home/luis/Documents/GitHub/flink_code_challenge/build/reports/tests/1639954651958.0.png\nPage source: file:/home/luis/Documents/GitHub/flink_code_challenge/build/reports/tests/1639954651958.0.html\nTimeout: 4 s.\nCaused by: ElementClickInterceptedException: element click intercepted: Element <p class=\"font-weight-bold top-space-10\">...</p> is not clickable at point (1033, 53). Other element would receive the click: <nav class=\"navbar navbar-expand-sm sticky-top\">...</nav>\n\tat com.codeborne.selenide.impl.ExceptionWrapper.wrap(ExceptionWrapper.java:26)\n\tat com.codeborne.selenide.impl.SelenideElementProxy.dispatchAndRetry(SelenideElementProxy.java:156)\n\tat com.codeborne.selenide.impl.SelenideElementProxy.invoke(SelenideElementProxy.java:86)\n\tat com.sun.proxy.$Proxy11.click(Unknown Source)\n\tat com.example.flink_qa_challenge.SunscreenPage.getValuesFromProductsAndAddToCart(SunscreenPage.java:206)\n\tat com.example.flink_qa_challenge.SunscreenPageTest.addSunscreenToCart(SunscreenPageTest.java:39)\n\tat java.base/jdk.internal.reflect.NativeMethodAccessorImpl.invoke0(Native Method)\n\tat java.base/jdk.internal.reflect.NativeMethodAccessorImpl.invoke(NativeMethodAccessorImpl.java:62)\n\tat java.base/jdk.internal.reflect.DelegatingMethodAccessorImpl.invoke(DelegatingMethodAccessorImpl.java:43)\n\tat java.base/java.lang.reflect.Method.invoke(Method.java:566)\n\tat org.testng.internal.MethodInvocationHelper.invokeMethod(MethodInvocationHelper.java:133)\n\tat org.testng.internal.TestInvoker.invokeMethod(TestInvoker.java:598)\n\tat org.testng.internal.TestInvoker.invokeTestMethod(TestInvoker.java:173)\n\tat org.testng.internal.MethodRunner.runInSequence(MethodRunner.java:46)\n\tat org.testng.internal.TestInvoker$MethodInvocationAgent.invoke(TestInvoker.java:824)\n\tat org.testng.internal.TestInvoker.invokeTestMethods(TestInvoker.java:146)\n\tat org.testng.internal.TestMethodWorker.invokeTestMethods(TestMethodWorker.java:146)\n\tat org.testng.internal.TestMethodWorker.run(TestMethodWorker.java:128)\n\tat java.base/java.util.ArrayList.forEach(ArrayList.java:1541)\n\tat org.testng.TestRunner.privateRun(TestRunner.java:794)\n\tat org.testng.TestRunner.run(TestRunner.java:596)\n\tat org.testng.SuiteRunner.runTest(SuiteRunner.java:377)\n\tat org.testng.SuiteRunner.runSequentially(SuiteRunner.java:371)\n\tat org.testng.SuiteRunner.privateRun(SuiteRunner.java:332)\n\tat org.testng.SuiteRunner.run(SuiteRunner.java:276)\n\tat org.testng.SuiteRunnerWorker.runSuite(SuiteRunnerWorker.java:53)\n\tat org.testng.SuiteRunnerWorker.run(SuiteRunnerWorker.java:96)\n\tat org.testng.TestNG.runSuitesSequentially(TestNG.java:1212)\n\tat org.testng.TestNG.runSuitesLocally(TestNG.java:1134)\n\tat org.testng.TestNG.runSuites(TestNG.java:1063)\n\tat org.testng.TestNG.run(TestNG.java:1031)\n\tat org.gradle.api.internal.tasks.testing.testng.TestNGTestClassProcessor.runTests(TestNGTestClassProcessor.java:141)\n\tat org.gradle.api.internal.tasks.testing.testng.TestNGTestClassProcessor.stop(TestNGTestClassProcessor.java:90)\n\tat org.gradle.api.internal.tasks.testing.SuiteTestClassProcessor.stop(SuiteTestClassProcessor.java:61)\n\tat java.base/jdk.internal.reflect.NativeMethodAccessorImpl.invoke0(Native Method)\n\tat java.base/jdk.internal.reflect.NativeMethodAccessorImpl.invoke(NativeMethodAccessorImpl.java:62)\n\tat java.base/jdk.internal.reflect.DelegatingMethodAccessorImpl.invoke(DelegatingMethodAccessorImpl.java:43)\n\tat java.base/java.lang.reflect.Method.invoke(Method.java:566)\n\tat org.gradle.internal.dispatch.ReflectionDispatch.dispatch(ReflectionDispatch.java:36)\n\tat org.gradle.internal.dispatch.ReflectionDispatch.dispatch(ReflectionDispatch.java:24)\n\tat org.gradle.internal.dispatch.ContextClassLoaderDispatch.dispatch(ContextClassLoaderDispatch.java:33)\n\tat org.gradle.internal.dispatch.ProxyDispatchAdapter$DispatchingInvocationHandler.invoke(ProxyDispatchAdapter.java:94)\n\tat com.sun.proxy.$Proxy2.stop(Unknown Source)\n\tat org.gradle.api.internal.tasks.testing.worker.TestWorker$3.run(TestWorker.java:193)\n\tat org.gradle.api.internal.tasks.testing.worker.TestWorker.executeAndMaintainThreadName(TestWorker.java:129)\n\tat org.gradle.api.internal.tasks.testing.worker.TestWorker.execute(TestWorker.java:100)\n\tat org.gradle.api.internal.tasks.testing.worker.TestWorker.execute(TestWorker.java:60)\n\tat org.gradle.process.internal.worker.child.ActionExecutionWorker.execute(ActionExecutionWorker.java:56)\n\tat org.gradle.process.internal.worker.child.SystemApplicationClassLoaderWorker.call(SystemApplicationClassLoaderWorker.java:133)\n\tat org.gradle.process.internal.worker.child.SystemApplicationClassLoaderWorker.call(SystemApplicationClassLoaderWorker.java:71)\n\tat worker.org.gradle.process.internal.worker.GradleWorkerMain.run(GradleWorkerMain.java:69)\n\tat worker.org.gradle.process.internal.worker.GradleWorkerMain.main(GradleWorkerMain.java:74)\nCaused by: org.openqa.selenium.ElementClickInterceptedException: element click intercepted: Element <p class=\"font-weight-bold top-space-10\">...</p> is not clickable at point (1033, 53). Other element would receive the click: <nav class=\"navbar navbar-expand-sm sticky-top\">...</nav>\n  (Session info: chrome=96.0.4664.93)\nBuild info: version: '3.141.59', revision: 'e82be7d358', time: '2018-11-14T08:17:03'\nSystem info: host: 'luis-zymewire', ip: '127.0.1.1', os.name: 'Linux', os.arch: 'amd64', os.version: '5.11.0-43-generic', java.version: '11.0.13'\nDriver info: org.openqa.selenium.chrome.ChromeDriver\nCapabilities {acceptInsecureCerts: true, browserName: chrome, browserVersion: 96.0.4664.93, chrome: {chromedriverVersion: 96.0.4664.45 (76e4c1bb2ab46..., userDataDir: /tmp/.com.google.Chrome.dYmUqM}, goog:chromeOptions: {debuggerAddress: localhost:38895}, javascriptEnabled: true, networkConnectionEnabled: false, pageLoadStrategy: normal, platform: LINUX, platformName: LINUX, proxy: Proxy(), setWindowRect: true, strictFileInteractability: false, timeouts: {implicit: 0, pageLoad: 300000, script: 30000}, unhandledPromptBehavior: dismiss and notify, webauthn:extension:credBlob: true, webauthn:extension:largeBlob: true, webauthn:virtualAuthenticators: true}\nSession ID: b3c43e1905d4ccc3403a1aaa93e1352e\n\tat java.base/jdk.internal.reflect.NativeConstructorAccessorImpl.newInstance0(Native Method)\n\tat java.base/jdk.internal.reflect.NativeConstructorAccessorImpl.newInstance(NativeConstructorAccessorImpl.java:62)\n\tat java.base/jdk.internal.reflect.DelegatingConstructorAccessorImpl.newInstance(DelegatingConstructorAccessorImpl.java:45)\n\tat java.base/java.lang.reflect.Constructor.newInstance(Constructor.java:490)\n\tat org.openqa.selenium.remote.http.W3CHttpResponseCodec.createException(W3CHttpResponseCodec.java:187)\n\tat org.openqa.selenium.remote.http.W3CHttpResponseCodec.decode(W3CHttpResponseCodec.java:122)\n\tat org.openqa.selenium.remote.http.W3CHttpResponseCodec.decode(W3CHttpResponseCodec.java:49)\n\tat org.openqa.selenium.remote.HttpCommandExecutor.execute(HttpCommandExecutor.java:158)\n\tat org.openqa.selenium.remote.service.DriverCommandExecutor.execute(DriverCommandExecutor.java:83)\n\tat org.openqa.selenium.remote.RemoteWebDriver.execute(RemoteWebDriver.java:552)\n\tat org.openqa.selenium.remote.RemoteWebElement.execute(RemoteWebElement.java:285)\n\tat org.openqa.selenium.remote.RemoteWebElement.click(RemoteWebElement.java:84)\n\tat com.codeborne.selenide.commands.Click.click(Click.java:46)\n\tat com.codeborne.selenide.commands.Click.execute(Click.java:27)\n\tat com.codeborne.selenide.commands.Click.execute(Click.java:16)\n\tat com.codeborne.selenide.commands.Commands.execute(Commands.java:157)\n\tat com.codeborne.selenide.impl.SelenideElementProxy.dispatchAndRetry(SelenideElementProxy.java:134)\n\t... 50 more\n"},"stage":"finished","description":"Access the elements in the page and add them to the cart","steps":[{"name":"$(\"div.row:nth-child(2) > div:nth-child(1)/By.className: font-weight-bold\") get text()","status":"passed","stage":"finished","steps":[],"attachments":[],"parameters":[],"start":1639954647213,"stop":1639954647252},{"name":"$(\"div.row:nth-child(2) > div:nth-child(3)/By.className: font-weight-bold\") get text()","status":"passed","stage":"finished","steps":[],"attachments":[],"parameters":[],"start":1639954647252,"stop":1639954647288},{"name":"$(\"div.text-center:nth-child(5)/By.className: font-weight-bold\") get text()","status":"passed","stage":"finished","steps":[],"attachments":[],"parameters":[],"start":1639954647288,"stop":1639954647321},{"name":"$(\"div.row:nth-child(3) > div:nth-child(1)/By.className: font-weight-bold\") get text()","status":"passed","stage":"finished","steps":[],"attachments":[],"parameters":[],"start":1639954647321,"stop":1639954647353},{"name":"$(\"div.text-center:nth-child(2)/By.className: font-weight-bold\") get text()","status":"passed","stage":"finished","steps":[],"attachments":[],"parameters":[],"start":1639954647353,"stop":1639954647384},{"name":"$(\"div.row:nth-child(3) > div:nth-child(3)/By.className: font-weight-bold\") get text()","status":"passed","stage":"finished","steps":[],"attachments":[],"parameters":[],"start":1639954647384,"stop":1639954647415},{"name":"$(\"div.row:nth-child(2) > div:nth-child(1)\") find elements(By.tagName: p)","status":"passed","stage":"finished","steps":[],"attachments":[],"parameters":[],"start":1639954647415,"stop":1639954647440},{"name":"$(\"div.row:nth-child(2) > div:nth-child(1)\") find elements(By.tagName: p)","status":"passed","stage":"finished","steps":[],"attachments":[],"parameters":[],"start":1639954647452,"stop":1639954647468},{"name":"$(\"div.row:nth-child(2) > div:nth-child(3)\") find elements(By.tagName: p)","status":"passed","stage":"finished","steps":[],"attachments":[],"parameters":[],"start":1639954647475,"stop":1639954647494},{"name":"$(\"div.text-center:nth-child(5)\") find elements(By.tagName: p)","status":"passed","stage":"finished","steps":[],"attachments":[],"parameters":[],"start":1639954647504,"stop":1639954647522},{"name":"$(\"div.row:nth-child(3) > div:nth-child(1)\") find elements(By.tagName: p)","status":"passed","stage":"finished","steps":[],"attachments":[],"parameters":[],"start":1639954647532,"stop":1639954647547},{"name":"$(\"div.text-center:nth-child(2)\") find elements(By.tagName: p)","status":"passed","stage":"finished","steps":[],"attachments":[],"parameters":[],"start":1639954647557,"stop":1639954647571},{"name":"$(\"div.row:nth-child(3) > div:nth-child(3)\") find elements(By.tagName: p)","status":"passed","stage":"finished","steps":[],"attachments":[],"parameters":[],"start":1639954647580,"stop":1639954647594},{"name":"$(\"div.row:nth-child(2) > div:nth-child(1)/By.className: font-weight-bold\") get text()","status":"passed","stage":"finished","steps":[],"attachments":[],"parameters":[],"start":1639954647603,"stop":1639954647622},{"name":"$(\"div.row:nth-child(2) > div:nth-child(3)/By.className: font-weight-bold\") get text()","status":"passed","stage":"finished","steps":[],"attachments":[],"parameters":[],"start":1639954647622,"stop":1639954647640},{"name":"$(\"div.text-center:nth-child(5)/By.className: font-weight-bold\") get text()","status":"passed","stage":"finished","steps":[],"attachments":[],"parameters":[],"start":1639954647641,"stop":1639954647659},{"name":"$(\"div.row:nth-child(2) > div:nth-child(1)/By.className: font-weight-bold\") get text()","status":"passed","stage":"finished","steps":[],"attachments":[],"parameters":[],"start":1639954647659,"stop":1639954647677},{"name":"$(\"div.row:nth-child(2) > div:nth-child(3)/By.className: font-weight-bold\") get text()","status":"passed","stage":"finished","steps":[],"attachments":[],"parameters":[],"start":1639954647677,"stop":1639954647694},{"name":"$(\"div.text-center:nth-child(5)/By.className: font-weight-bold\") get text()","status":"passed","stage":"finished","steps":[],"attachments":[],"parameters":[],"start":1639954647694,"stop":1639954647711},{"name":"$(\"div.row:nth-child(3) > div:nth-child(1)/By.className: font-weight-bold\") get text()","status":"passed","stage":"finished","steps":[],"attachments":[],"parameters":[],"start":1639954647711,"stop":1639954647728},{"name":"$(\"div.text-center:nth-child(5)\") scroll into view(true)","status":"passed","stage":"finished","steps":[{"name":"$(\"div.text-center:nth-child(5)\") get wrapped element()","status":"passed","stage":"finished","steps":[],"attachments":[],"parameters":[],"start":1639954647729,"stop":1639954647735}],"attachments":[],"parameters":[],"start":1639954647728,"stop":1639954647739},{"name":"$(\"div.text-center:nth-child(5)/By.className: font-weight-bold\") get text()","status":"passed","stage":"finished","steps":[],"attachments":[],"parameters":[],"start":1639954647739,"stop":1639954647757},{"name":"$(\"By.xpath: //p[@class='font-weight-bold top-space-10'][contains(.,'Vassily Brilliant SPF-30')]\") click()","status":"passed","stage":"finished","steps":[],"attachments":[],"parameters":[],"start":1639954647762,"stop":1639954647818},{"name":"$(\"By.xpath: (//button[@class='btn btn-primary'][contains(.,'Add')])[2]\") click()","status":"passed","stage":"finished","steps":[],"attachments":[],"parameters":[],"start":1639954647819,"stop":1639954647871},{"name":"$(\"div.row:nth-child(3) > div:nth-child(1)\") scroll into view(true)","status":"passed","stage":"finished","steps":[{"name":"$(\"div.row:nth-child(3) > div:nth-child(1)\") get wrapped element()","status":"passed","stage":"finished","steps":[],"attachments":[],"parameters":[],"start":1639954647871,"stop":1639954647877}],"attachments":[],"parameters":[],"start":1639954647871,"stop":1639954647883},{"name":"$(\"div.text-center:nth-child(5)/By.className: font-weight-bold\") get text()","status":"passed","stage":"finished","steps":[],"attachments":[],"parameters":[],"start":1639954647883,"stop":1639954647903},{"name":"$(\"By.xpath: //p[@class='font-weight-bold top-space-10'][contains(.,'Vassily Brilliant SPF-30')]\") click()","status":"failed","statusDetails":{"known":false,"muted":false,"flaky":false,"message":"Invalid element state: element click intercepted: Element <p class=\"font-weight-bold top-space-10\">...</p> is not clickable at point (1033, 53). Other element would receive the click: <nav class=\"navbar navbar-expand-sm sticky-top\">...</nav>\nScreenshot: file:/home/luis/Documents/GitHub/flink_code_challenge/build/reports/tests/1639954651958.0.png\nPage source: file:/home/luis/Documents/GitHub/flink_code_challenge/build/reports/tests/1639954651958.0.html\nTimeout: 4 s.\nCaused by: ElementClickInterceptedException: element click intercepted: Element <p class=\"font-weight-bold top-space-10\">...</p> is not clickable at point (1033, 53). Other element would receive the click: <nav class=\"navbar navbar-expand-sm sticky-top\">...</nav>","trace":"Invalid element state: element click intercepted: Element <p class=\"font-weight-bold top-space-10\">...</p> is not clickable at point (1033, 53). Other element would receive the click: <nav class=\"navbar navbar-expand-sm sticky-top\">...</nav>\nScreenshot: file:/home/luis/Documents/GitHub/flink_code_challenge/build/reports/tests/1639954651958.0.png\nPage source: file:/home/luis/Documents/GitHub/flink_code_challenge/build/reports/tests/1639954651958.0.html\nTimeout: 4 s.\nCaused by: ElementClickInterceptedException: element click intercepted: Element <p class=\"font-weight-bold top-space-10\">...</p> is not clickable at point (1033, 53). Other element would receive the click: <nav class=\"navbar navbar-expand-sm sticky-top\">...</nav>\n\tat com.codeborne.selenide.impl.ExceptionWrapper.wrap(ExceptionWrapper.java:26)\n\tat com.codeborne.selenide.impl.SelenideElementProxy.dispatchAndRetry(SelenideElementProxy.java:156)\n\tat com.codeborne.selenide.impl.SelenideElementProxy.invoke(SelenideElementProxy.java:86)\n\tat com.sun.proxy.$Proxy11.click(Unknown Source)\n\tat com.example.flink_qa_challenge.SunscreenPage.getValuesFromProductsAndAddToCart(SunscreenPage.java:206)\n\tat com.example.flink_qa_challenge.SunscreenPageTest.addSunscreenToCart(SunscreenPageTest.java:39)\n\tat java.base/jdk.internal.reflect.NativeMethodAccessorImpl.invoke0(Native Method)\n\tat java.base/jdk.internal.reflect.NativeMethodAccessorImpl.invoke(NativeMethodAccessorImpl.java:62)\n\tat java.base/jdk.internal.reflect.DelegatingMethodAccessorImpl.invoke(DelegatingMethodAccessorImpl.java:43)\n\tat java.base/java.lang.reflect.Method.invoke(Method.java:566)\n\tat org.testng.internal.MethodInvocationHelper.invokeMethod(MethodInvocationHelper.java:133)\n\tat org.testng.internal.TestInvoker.invokeMethod(TestInvoker.java:598)\n\tat org.testng.internal.TestInvoker.invokeTestMethod(TestInvoker.java:173)\n\tat org.testng.internal.MethodRunner.runInSequence(MethodRunner.java:46)\n\tat org.testng.internal.TestInvoker$MethodInvocationAgent.invoke(TestInvoker.java:824)\n\tat org.testng.internal.TestInvoker.invokeTestMethods(TestInvoker.java:146)\n\tat org.testng.internal.TestMethodWorker.invokeTestMethods(TestMethodWorker.java:146)\n\tat org.testng.internal.TestMethodWorker.run(TestMethodWorker.java:128)\n\tat java.base/java.util.ArrayList.forEach(ArrayList.java:1541)\n\tat org.testng.TestRunner.privateRun(TestRunner.java:794)\n\tat org.testng.TestRunner.run(TestRunner.java:596)\n\tat org.testng.SuiteRunner.runTest(SuiteRunner.java:377)\n\tat org.testng.SuiteRunner.runSequentially(SuiteRunner.java:371)\n\tat org.testng.SuiteRunner.privateRun(SuiteRunner.java:332)\n\tat org.testng.SuiteRunner.run(SuiteRunner.java:276)\n\tat org.testng.SuiteRunnerWorker.runSuite(SuiteRunnerWorker.java:53)\n\tat org.testng.SuiteRunnerWorker.run(SuiteRunnerWorker.java:96)\n\tat org.testng.TestNG.runSuitesSequentially(TestNG.java:1212)\n\tat org.testng.TestNG.runSuitesLocally(TestNG.java:1134)\n\tat org.testng.TestNG.runSuites(TestNG.java:1063)\n\tat org.testng.TestNG.run(TestNG.java:1031)\n\tat org.gradle.api.internal.tasks.testing.testng.TestNGTestClassProcessor.runTests(TestNGTestClassProcessor.java:141)\n\tat org.gradle.api.internal.tasks.testing.testng.TestNGTestClassProcessor.stop(TestNGTestClassProcessor.java:90)\n\tat org.gradle.api.internal.tasks.testing.SuiteTestClassProcessor.stop(SuiteTestClassProcessor.java:61)\n\tat java.base/jdk.internal.reflect.NativeMethodAccessorImpl.invoke0(Native Method)\n\tat java.base/jdk.internal.reflect.NativeMethodAccessorImpl.invoke(NativeMethodAccessorImpl.java:62)\n\tat java.base/jdk.internal.reflect.DelegatingMethodAccessorImpl.invoke(DelegatingMethodAccessorImpl.java:43)\n\tat java.base/java.lang.reflect.Method.invoke(Method.java:566)\n\tat org.gradle.internal.dispatch.ReflectionDispatch.dispatch(ReflectionDispatch.java:36)\n\tat org.gradle.internal.dispatch.ReflectionDispatch.dispatch(ReflectionDispatch.java:24)\n\tat org.gradle.internal.dispatch.ContextClassLoaderDispatch.dispatch(ContextClassLoaderDispatch.java:33)\n\tat org.gradle.internal.dispatch.ProxyDispatchAdapter$DispatchingInvocationHandler.invoke(ProxyDispatchAdapter.java:94)\n\tat com.sun.proxy.$Proxy2.stop(Unknown Source)\n\tat org.gradle.api.internal.tasks.testing.worker.TestWorker$3.run(TestWorker.java:193)\n\tat org.gradle.api.internal.tasks.testing.worker.TestWorker.executeAndMaintainThreadName(TestWorker.java:129)\n\tat org.gradle.api.internal.tasks.testing.worker.TestWorker.execute(TestWorker.java:100)\n\tat org.gradle.api.internal.tasks.testing.worker.TestWorker.execute(TestWorker.java:60)\n\tat org.gradle.process.internal.worker.child.ActionExecutionWorker.execute(ActionExecutionWorker.java:56)\n\tat org.gradle.process.internal.worker.child.SystemApplicationClassLoaderWorker.call(SystemApplicationClassLoaderWorker.java:133)\n\tat org.gradle.process.internal.worker.child.SystemApplicationClassLoaderWorker.call(SystemApplicationClassLoaderWorker.java:71)\n\tat worker.org.gradle.process.internal.worker.GradleWorkerMain.run(GradleWorkerMain.java:69)\n\tat worker.org.gradle.process.internal.worker.GradleWorkerMain.main(GradleWorkerMain.java:74)\nCaused by: org.openqa.selenium.ElementClickInterceptedException: element click intercepted: Element <p class=\"font-weight-bold top-space-10\">...</p> is not clickable at point (1033, 53). Other element would receive the click: <nav class=\"navbar navbar-expand-sm sticky-top\">...</nav>\n  (Session info: chrome=96.0.4664.93)\nBuild info: version: '3.141.59', revision: 'e82be7d358', time: '2018-11-14T08:17:03'\nSystem info: host: 'luis-zymewire', ip: '127.0.1.1', os.name: 'Linux', os.arch: 'amd64', os.version: '5.11.0-43-generic', java.version: '11.0.13'\nDriver info: org.openqa.selenium.chrome.ChromeDriver\nCapabilities {acceptInsecureCerts: true, browserName: chrome, browserVersion: 96.0.4664.93, chrome: {chromedriverVersion: 96.0.4664.45 (76e4c1bb2ab46..., userDataDir: /tmp/.com.google.Chrome.dYmUqM}, goog:chromeOptions: {debuggerAddress: localhost:38895}, javascriptEnabled: true, networkConnectionEnabled: false, pageLoadStrategy: normal, platform: LINUX, platformName: LINUX, proxy: Proxy(), setWindowRect: true, strictFileInteractability: false, timeouts: {implicit: 0, pageLoad: 300000, script: 30000}, unhandledPromptBehavior: dismiss and notify, webauthn:extension:credBlob: true, webauthn:extension:largeBlob: true, webauthn:virtualAuthenticators: true}\nSession ID: b3c43e1905d4ccc3403a1aaa93e1352e\n\tat java.base/jdk.internal.reflect.NativeConstructorAccessorImpl.newInstance0(Native Method)\n\tat java.base/jdk.internal.reflect.NativeConstructorAccessorImpl.newInstance(NativeConstructorAccessorImpl.java:62)\n\tat java.base/jdk.internal.reflect.DelegatingConstructorAccessorImpl.newInstance(DelegatingConstructorAccessorImpl.java:45)\n\tat java.base/java.lang.reflect.Constructor.newInstance(Constructor.java:490)\n\tat org.openqa.selenium.remote.http.W3CHttpResponseCodec.createException(W3CHttpResponseCodec.java:187)\n\tat org.openqa.selenium.remote.http.W3CHttpResponseCodec.decode(W3CHttpResponseCodec.java:122)\n\tat org.openqa.selenium.remote.http.W3CHttpResponseCodec.decode(W3CHttpResponseCodec.java:49)\n\tat org.openqa.selenium.remote.HttpCommandExecutor.execute(HttpCommandExecutor.java:158)\n\tat org.openqa.selenium.remote.service.DriverCommandExecutor.execute(DriverCommandExecutor.java:83)\n\tat org.openqa.selenium.remote.RemoteWebDriver.execute(RemoteWebDriver.java:552)\n\tat org.openqa.selenium.remote.RemoteWebElement.execute(RemoteWebElement.java:285)\n\tat org.openqa.selenium.remote.RemoteWebElement.click(RemoteWebElement.java:84)\n\tat com.codeborne.selenide.commands.Click.click(Click.java:46)\n\tat com.codeborne.selenide.commands.Click.execute(Click.java:27)\n\tat com.codeborne.selenide.commands.Click.execute(Click.java:16)\n\tat com.codeborne.selenide.commands.Commands.execute(Commands.java:157)\n\tat com.codeborne.selenide.impl.SelenideElementProxy.dispatchAndRetry(SelenideElementProxy.java:134)\n\t... 50 more\n"},"stage":"finished","steps":[],"attachments":[{"name":"Screenshot","source":"0f49dfec-02aa-4af5-8704-c55187d44856-attachment.png","type":"image/png"},{"name":"Page source","source":"52063972-df06-4aaa-a64d-4f1b0594f78f-attachment.html","type":"text/html"}],"parameters":[],"start":1639954647904,"stop":1639954652140}],"attachments":[],"parameters":[],"start":1639954647184,"stop":1639954652147}